[2025-03-01T23:49:56.386+0000] {manager.py:486} INFO - Processing files using up to 2 processes at a time 
[2025-03-01T23:49:56.387+0000] {manager.py:487} INFO - Process each file at most once every 30 seconds
[2025-03-01T23:49:56.388+0000] {manager.py:488} INFO - Checking for new files in /opt/airflow/dags every 300 seconds
[2025-03-01T23:49:56.389+0000] {manager.py:832} INFO - Searching for files in /opt/airflow/dags
[2025-03-01T23:49:56.396+0000] {manager.py:835} INFO - There are 0 files in /opt/airflow/dags
[2025-03-01T23:54:56.820+0000] {manager.py:832} INFO - Searching for files in /opt/airflow/dags
[2025-03-01T23:54:56.834+0000] {manager.py:835} INFO - There are 0 files in /opt/airflow/dags
[2025-03-01T23:59:57.284+0000] {manager.py:832} INFO - Searching for files in /opt/airflow/dags
[2025-03-01T23:59:57.295+0000] {manager.py:835} INFO - There are 0 files in /opt/airflow/dags
[2025-03-02T00:04:57.868+0000] {manager.py:832} INFO - Searching for files in /opt/airflow/dags
[2025-03-02T00:04:57.879+0000] {manager.py:835} INFO - There are 0 files in /opt/airflow/dags
[2025-03-02T00:09:58.608+0000] {manager.py:832} INFO - Searching for files in /opt/airflow/dags
[2025-03-02T00:09:58.622+0000] {manager.py:835} INFO - There are 0 files in /opt/airflow/dags
[2025-03-02T00:14:59.196+0000] {manager.py:832} INFO - Searching for files in /opt/airflow/dags
[2025-03-02T00:14:59.206+0000] {manager.py:835} INFO - There are 0 files in /opt/airflow/dags
[2025-03-02T00:19:59.675+0000] {manager.py:832} INFO - Searching for files in /opt/airflow/dags
[2025-03-02T00:19:59.688+0000] {manager.py:835} INFO - There are 0 files in /opt/airflow/dags
[2025-03-02T00:25:00.378+0000] {manager.py:832} INFO - Searching for files in /opt/airflow/dags
[2025-03-02T00:25:00.392+0000] {manager.py:835} INFO - There are 0 files in /opt/airflow/dags
[2025-03-02T00:30:01.042+0000] {manager.py:832} INFO - Searching for files in /opt/airflow/dags
[2025-03-02T00:30:01.058+0000] {manager.py:835} INFO - There are 0 files in /opt/airflow/dags
[2025-03-02T00:35:01.936+0000] {manager.py:832} INFO - Searching for files in /opt/airflow/dags
[2025-03-02T00:35:01.951+0000] {manager.py:835} INFO - There are 0 files in /opt/airflow/dags
[2025-03-02T00:53:56.816+0000] {manager.py:832} INFO - Searching for files in /opt/airflow/dags
[2025-03-02T00:53:56.824+0000] {manager.py:835} INFO - There are 0 files in /opt/airflow/dags
[2025-03-02T00:58:57.287+0000] {manager.py:832} INFO - Searching for files in /opt/airflow/dags
[2025-03-02T00:58:57.300+0000] {manager.py:835} INFO - There are 0 files in /opt/airflow/dags
[2025-03-02T01:03:57.719+0000] {manager.py:832} INFO - Searching for files in /opt/airflow/dags
[2025-03-02T01:03:57.732+0000] {manager.py:835} INFO - There are 0 files in /opt/airflow/dags
[2025-03-02T01:08:58.259+0000] {manager.py:832} INFO - Searching for files in /opt/airflow/dags
[2025-03-02T01:08:58.270+0000] {manager.py:835} INFO - There are 0 files in /opt/airflow/dags
[2025-03-02T01:13:58.798+0000] {manager.py:832} INFO - Searching for files in /opt/airflow/dags
[2025-03-02T01:13:58.810+0000] {manager.py:835} INFO - There are 0 files in /opt/airflow/dags
[2025-03-02T01:18:59.369+0000] {manager.py:832} INFO - Searching for files in /opt/airflow/dags
[2025-03-02T01:18:59.375+0000] {manager.py:835} INFO - There are 0 files in /opt/airflow/dags
[2025-03-02T01:23:59.902+0000] {manager.py:832} INFO - Searching for files in /opt/airflow/dags
[2025-03-02T01:23:59.913+0000] {manager.py:835} INFO - There are 0 files in /opt/airflow/dags
[2025-03-02T01:29:00.384+0000] {manager.py:832} INFO - Searching for files in /opt/airflow/dags
[2025-03-02T01:29:00.391+0000] {manager.py:835} INFO - There are 0 files in /opt/airflow/dags
[2025-03-02T01:34:00.895+0000] {manager.py:832} INFO - Searching for files in /opt/airflow/dags
[2025-03-02T01:34:00.902+0000] {manager.py:835} INFO - There are 0 files in /opt/airflow/dags
[2025-03-02T01:39:01.509+0000] {manager.py:832} INFO - Searching for files in /opt/airflow/dags
[2025-03-02T01:39:01.523+0000] {manager.py:835} INFO - There are 0 files in /opt/airflow/dags
[2025-03-02T01:44:02.002+0000] {manager.py:832} INFO - Searching for files in /opt/airflow/dags
[2025-03-02T01:44:02.016+0000] {manager.py:835} INFO - There are 0 files in /opt/airflow/dags
[2025-03-02T01:49:02.527+0000] {manager.py:832} INFO - Searching for files in /opt/airflow/dags
[2025-03-02T01:49:02.540+0000] {manager.py:835} INFO - There are 0 files in /opt/airflow/dags
[2025-03-02T01:54:03.041+0000] {manager.py:832} INFO - Searching for files in /opt/airflow/dags
[2025-03-02T01:54:03.048+0000] {manager.py:835} INFO - There are 0 files in /opt/airflow/dags
[2025-03-02T01:59:03.530+0000] {manager.py:832} INFO - Searching for files in /opt/airflow/dags
[2025-03-02T01:59:03.537+0000] {manager.py:835} INFO - There are 0 files in /opt/airflow/dags
[2025-03-02T02:04:04.087+0000] {manager.py:832} INFO - Searching for files in /opt/airflow/dags
[2025-03-02T02:04:04.099+0000] {manager.py:835} INFO - There are 0 files in /opt/airflow/dags
[2025-03-02T02:09:04.871+0000] {manager.py:832} INFO - Searching for files in /opt/airflow/dags
[2025-03-02T02:09:04.886+0000] {manager.py:835} INFO - There are 0 files in /opt/airflow/dags
[2025-03-02T02:14:05.638+0000] {manager.py:832} INFO - Searching for files in /opt/airflow/dags
[2025-03-02T02:14:05.652+0000] {manager.py:835} INFO - There are 0 files in /opt/airflow/dags
[2025-03-02T02:19:05.972+0000] {manager.py:832} INFO - Searching for files in /opt/airflow/dags
[2025-03-02T02:19:05.979+0000] {manager.py:835} INFO - There are 0 files in /opt/airflow/dags
[2025-03-02T02:24:06.339+0000] {manager.py:832} INFO - Searching for files in /opt/airflow/dags
[2025-03-02T02:24:06.352+0000] {manager.py:835} INFO - There are 0 files in /opt/airflow/dags
[2025-03-02T02:29:07.094+0000] {manager.py:832} INFO - Searching for files in /opt/airflow/dags
[2025-03-02T02:29:07.102+0000] {manager.py:835} INFO - There are 0 files in /opt/airflow/dags
[2025-03-02T02:34:07.743+0000] {manager.py:832} INFO - Searching for files in /opt/airflow/dags
[2025-03-02T02:34:07.755+0000] {manager.py:835} INFO - There are 0 files in /opt/airflow/dags
[2025-03-02T02:39:08.300+0000] {manager.py:832} INFO - Searching for files in /opt/airflow/dags
[2025-03-02T02:39:08.315+0000] {manager.py:835} INFO - There are 0 files in /opt/airflow/dags
[2025-03-02T02:44:08.749+0000] {manager.py:832} INFO - Searching for files in /opt/airflow/dags
[2025-03-02T02:44:08.762+0000] {manager.py:835} INFO - There are 0 files in /opt/airflow/dags
[2025-03-02T02:49:09.288+0000] {manager.py:832} INFO - Searching for files in /opt/airflow/dags
[2025-03-02T02:49:09.302+0000] {manager.py:835} INFO - There are 0 files in /opt/airflow/dags
[2025-03-02T02:54:09.936+0000] {manager.py:832} INFO - Searching for files in /opt/airflow/dags
[2025-03-02T02:54:09.949+0000] {manager.py:835} INFO - There are 0 files in /opt/airflow/dags
[2025-03-02T02:59:10.318+0000] {manager.py:832} INFO - Searching for files in /opt/airflow/dags
[2025-03-02T02:59:10.334+0000] {manager.py:835} INFO - There are 0 files in /opt/airflow/dags
[2025-03-02T03:04:10.863+0000] {manager.py:832} INFO - Searching for files in /opt/airflow/dags
[2025-03-02T03:04:10.877+0000] {manager.py:835} INFO - There are 0 files in /opt/airflow/dags
[2025-03-02T03:09:11.317+0000] {manager.py:832} INFO - Searching for files in /opt/airflow/dags
[2025-03-02T03:09:11.331+0000] {manager.py:835} INFO - There are 0 files in /opt/airflow/dags
[2025-03-02T03:14:11.519+0000] {manager.py:832} INFO - Searching for files in /opt/airflow/dags
[2025-03-02T03:14:11.532+0000] {manager.py:835} INFO - There are 0 files in /opt/airflow/dags
[2025-03-02T03:19:11.980+0000] {manager.py:832} INFO - Searching for files in /opt/airflow/dags
[2025-03-02T03:19:11.989+0000] {manager.py:835} INFO - There are 0 files in /opt/airflow/dags
[2025-03-02T03:24:12.442+0000] {manager.py:832} INFO - Searching for files in /opt/airflow/dags
[2025-03-02T03:24:12.448+0000] {manager.py:835} INFO - There are 0 files in /opt/airflow/dags
[2025-03-02T03:29:13.105+0000] {manager.py:832} INFO - Searching for files in /opt/airflow/dags
[2025-03-02T03:29:13.120+0000] {manager.py:835} INFO - There are 0 files in /opt/airflow/dags
[2025-03-02T03:34:13.483+0000] {manager.py:832} INFO - Searching for files in /opt/airflow/dags
[2025-03-02T03:34:13.497+0000] {manager.py:835} INFO - There are 0 files in /opt/airflow/dags
